  주소 참조 연산자.c
C:\Users\stell\OneDrive\Desktop\컴퓨터 공부\c\25.05.04\Project2\Project2\주소 참조 연산자.c(10,9): warning C4477: 'printf' : 서식 문자열 '%u'에 'unsigned int' 형식의 인수가 필요하지만 variadic 인수 1의 형식이 'int *'입니다.
C:\Users\stell\OneDrive\Desktop\컴퓨터 공부\c\25.05.04\Project2\Project2\주소 참조 연산자.c(10,9): warning C4313: 'printf': 서식 문자열의 '%u'이(가) int *' 형식의 인수 1과(와) 충돌합니다.
C:\Users\stell\OneDrive\Desktop\컴퓨터 공부\c\25.05.04\Project2\Project2\주소 참조 연산자.c(11,9): warning C4477: 'printf' : 서식 문자열 '%u'에 'unsigned int' 형식의 인수가 필요하지만 variadic 인수 1의 형식이 'char *'입니다.
C:\Users\stell\OneDrive\Desktop\컴퓨터 공부\c\25.05.04\Project2\Project2\주소 참조 연산자.c(11,9): warning C4313: 'printf': 서식 문자열의 '%u'이(가) char *' 형식의 인수 1과(와) 충돌합니다.
C:\Users\stell\OneDrive\Desktop\컴퓨터 공부\c\25.05.04\Project2\Project2\주소 참조 연산자.c(12,9): warning C4477: 'printf' : 서식 문자열 '%u'에 'unsigned int' 형식의 인수가 필요하지만 variadic 인수 1의 형식이 'float *'입니다.
C:\Users\stell\OneDrive\Desktop\컴퓨터 공부\c\25.05.04\Project2\Project2\주소 참조 연산자.c(12,9): warning C4313: 'printf': 서식 문자열의 '%u'이(가) float *' 형식의 인수 1과(와) 충돌합니다.
C:\Users\stell\OneDrive\Desktop\컴퓨터 공부\c\25.05.04\Project2\Project2\주소 참조 연산자.c(14,2): warning C4013: 'print'이(가) 정의되지 않았습니다. extern은 int형을 반환하는 것으로 간주합니다.
C:\Users\stell\OneDrive\Desktop\컴퓨터 공부\c\25.05.04\Project2\Project2\주소 참조 연산자.c(15,9): warning C4473: 'printf': 서식 문자열에 대한 인수가 충분하게 전달되지 않았습니다.
      C:\Users\stell\OneDrive\Desktop\컴퓨터 공부\c\25.05.04\Project2\Project2\주소 참조 연산자.c(15,9):
      자리 표시자 및 해당 매개 변수에는 variadic 인수가 1개 필요하지만 0개가 제공되었습니다.
      C:\Users\stell\OneDrive\Desktop\컴퓨터 공부\c\25.05.04\Project2\Project2\주소 참조 연산자.c(15,9):
      누락된 variadic 인수 1이(가) 서식 문자열 '%x'에 필요합니다.
  
C:\Users\stell\OneDrive\Desktop\컴퓨터 공부\c\25.05.04\Project2\Project2\주소 참조 연산자.c(16,9): warning C4473: 'printf': 서식 문자열에 대한 인수가 충분하게 전달되지 않았습니다.
      C:\Users\stell\OneDrive\Desktop\컴퓨터 공부\c\25.05.04\Project2\Project2\주소 참조 연산자.c(16,9):
      자리 표시자 및 해당 매개 변수에는 variadic 인수가 1개 필요하지만 0개가 제공되었습니다.
      C:\Users\stell\OneDrive\Desktop\컴퓨터 공부\c\25.05.04\Project2\Project2\주소 참조 연산자.c(16,9):
      누락된 variadic 인수 1이(가) 서식 문자열 '%x'에 필요합니다.
  
C:\Users\stell\OneDrive\Desktop\컴퓨터 공부\c\25.05.04\Project2\Project2\주소 참조 연산자.c(17,9): warning C4473: 'printf': 서식 문자열에 대한 인수가 충분하게 전달되지 않았습니다.
      C:\Users\stell\OneDrive\Desktop\컴퓨터 공부\c\25.05.04\Project2\Project2\주소 참조 연산자.c(17,9):
      자리 표시자 및 해당 매개 변수에는 variadic 인수가 1개 필요하지만 0개가 제공되었습니다.
      C:\Users\stell\OneDrive\Desktop\컴퓨터 공부\c\25.05.04\Project2\Project2\주소 참조 연산자.c(17,9):
      누락된 variadic 인수 1이(가) 서식 문자열 '%x'에 필요합니다.
  
주소 참조 연산자.obj : error LNK2019: printmain 함수에서 참조되는 확인할 수 없는 외부 기호
C:\Users\stell\OneDrive\Desktop\컴퓨터 공부\c\25.05.04\Project2\x64\Debug\Project2.exe : fatal error LNK1120: 1개의 확인할 수 없는 외부 참조입니다.
